[0m[1mdata.oci_identity_availability_domain.ad: Reading...[0m[0m
[0m[1mdata.oci_core_images.os_images: Reading...[0m[0m
[0m[1mdata.oci_identity_availability_domains.ads: Reading...[0m[0m
[0m[1moci_core_vcn.vcn-family: Refreshing state... [id=ocid1.vcn.oc1.phx.amaaaaaab3xfsrqarvi2oiqoas7xy4fwrt3cjn3zv2yb3mwsrj5a4ijgmbya][0m
[0m[1mdata.oci_identity_availability_domains.ads: Read complete after 0s [id=IdentityAvailabilityDomainsDataSource-2989345132][0m
[0m[1mdata.oci_identity_availability_domain.ad: Read complete after 0s [id=ocid1.availabilitydomain.oc1..aaaaaaaakemzo4ywaynz573sk4jpvwuqi7vmcuxajxfv4jjj2pthez3j2hbq][0m
[0m[1moci_core_internet_gateway.family_internet_gateway: Refreshing state... [id=ocid1.internetgateway.oc1.phx.aaaaaaaaxgrz5grfreejybhrzctuehcaxve66s2a54jal5pgirzn4h6lwosq][0m
[0m[1moci_core_subnet.subnet-private: Refreshing state... [id=ocid1.subnet.oc1.phx.aaaaaaaa7sr562ja33fpnyzpxtec7iyaukge7nqrjifo6xbdo5j3zo42xcla][0m
[0m[1moci_core_subnet.subnet-public: Refreshing state... [id=ocid1.subnet.oc1.phx.aaaaaaaacbjs2jgtjyqextro3hfqs45tqnmf6s7bjbs4iifldlgr2jq7twwq][0m
[0m[1moci_core_security_list.family_security_list: Refreshing state... [id=ocid1.securitylist.oc1.phx.aaaaaaaan6wpegxi2qyfwmv475a6k4ljbrj7a26qly7zd4heqokllsmzd27a][0m
[0m[1mdata.oci_core_images.os_images: Read complete after 1s [id=CoreImagesDataSource-1366100818][0m
[0m[1moci_core_route_table.family_route_table: Refreshing state... [id=ocid1.routetable.oc1.phx.aaaaaaaa2rlca4hmnb4v2wxdxs63uotlowbwxyfqaiw4omad4ukdzskhxg5a][0m
[0m[1moci_core_instance.free_instance0: Refreshing state... [id=ocid1.instance.oc1.phx.anyhqljsb3xfsrqcqx433m2yhilw3px5btx3cjw5odriulq3qrxaijan6iwq][0m

[1m[36mNote:[0m[1m Objects have changed outside of Terraform
[0m
Terraform detected the following changes made outside of Terraform since the
last "terraform apply" which may have affected this plan:

[1m  # oci_core_instance.free_instance0[0m has been deleted
[0m  [31m-[0m[0m resource "oci_core_instance" "free_instance0" {
        id                          = "ocid1.instance.oc1.phx.anyhqljsb3xfsrqcqx433m2yhilw3px5btx3cjw5odriulq3qrxaijan6iwq"
        [90m# (20 unchanged attributes hidden)[0m[0m

        [90m# (7 unchanged blocks hidden)[0m[0m
    }


Unless you have made equivalent changes to your configuration, or ignored the
relevant attributes using ignore_changes, the following plan may include
actions to undo or respond to these changes.
[90m
─────────────────────────────────────────────────────────────────────────────[0m

Terraform used the selected providers to generate the following execution
plan. Resource actions are indicated with the following symbols:
  [32m+[0m create[0m

Terraform will perform the following actions:

[1m  # oci_core_instance.free_instance0[0m will be created
[0m  [32m+[0m[0m resource "oci_core_instance" "free_instance0" {
      [32m+[0m[0m availability_domain                 = "xIGM:PHX-AD-1"
      [32m+[0m[0m boot_volume_id                      = (known after apply)
      [32m+[0m[0m capacity_reservation_id             = (known after apply)
      [32m+[0m[0m compartment_id                      = "ocid1.tenancy.oc1..aaaaaaaafelouqwek5cwfuxu3ojjrpv44sys65ffzqk5h4nd7pxssauehjza"
      [32m+[0m[0m compute_cluster_id                  = (known after apply)
      [32m+[0m[0m dedicated_vm_host_id                = (known after apply)
      [32m+[0m[0m defined_tags                        = (known after apply)
      [32m+[0m[0m display_name                        = "freeInstance0"
      [32m+[0m[0m extended_metadata                   = (known after apply)
      [32m+[0m[0m fault_domain                        = (known after apply)
      [32m+[0m[0m freeform_tags                       = (known after apply)
      [32m+[0m[0m hostname_label                      = (known after apply)
      [32m+[0m[0m id                                  = (known after apply)
      [32m+[0m[0m image                               = (known after apply)
      [32m+[0m[0m instance_configuration_id           = (known after apply)
      [32m+[0m[0m ipxe_script                         = (known after apply)
      [32m+[0m[0m is_ai_enterprise_enabled            = (known after apply)
      [32m+[0m[0m is_cross_numa_node                  = (known after apply)
      [32m+[0m[0m is_pv_encryption_in_transit_enabled = (known after apply)
      [32m+[0m[0m launch_mode                         = (known after apply)
      [32m+[0m[0m metadata                            = {
          [32m+[0m[0m "ssh_authorized_keys" = <<-EOT
                ssh-rsa AAAAB3NzaC1yc2EAAAADAQABAAABAQCj2xJB8gH/tgYFnMA8OC9zt+EtTyvPomPwj1lx3FcxUgW5tJ+fK1Z5qf/V1tH2CWf6HfWEE339ReP6TzRSrYkH18eQrqGkVMy3vU9ICeAJ+zpZcaL5Dr8yD38vpEJVJdtz9Inb9Z9Ewdb+1HIDvIWSCnkl+I46yFo8v3mn3nZntF3dnajKWCOVq/Dwc4zxFXmGXqjTG+dhKPOy1EtVPxgIrsObnNLkMEHwomRXBmhCsAgJq3GZIkuU6ABrHIT9Ldq13k+o1oh7mLANcaxPuF2dRxpvCUevIi3djKfsbsqVZL2W8yLcQIIlRZ8XoXKA+d08uXF+Al7pKjzeQ9gn+Uu9 reid@Reids-MacBook-Pro.local
            EOT
        }
      [32m+[0m[0m private_ip                          = (known after apply)
      [32m+[0m[0m public_ip                           = (known after apply)
      [32m+[0m[0m region                              = (known after apply)
      [32m+[0m[0m security_attributes                 = (known after apply)
      [32m+[0m[0m security_attributes_state           = (known after apply)
      [32m+[0m[0m shape                               = "VM.Standard.A1.Flex"
      [32m+[0m[0m state                               = (known after apply)
      [32m+[0m[0m subnet_id                           = (known after apply)
      [32m+[0m[0m system_tags                         = (known after apply)
      [32m+[0m[0m time_created                        = (known after apply)
      [32m+[0m[0m time_maintenance_reboot_due         = (known after apply)

      [32m+[0m[0m agent_config (known after apply)

      [32m+[0m[0m availability_config (known after apply)

      [32m+[0m[0m create_vnic_details {
          [32m+[0m[0m assign_ipv6ip          = (known after apply)
          [32m+[0m[0m assign_public_ip       = "true"
          [32m+[0m[0m defined_tags           = (known after apply)
          [32m+[0m[0m display_name           = "primaryvnic"
          [32m+[0m[0m freeform_tags          = (known after apply)
          [32m+[0m[0m hostname_label         = "freeinstance0"
          [32m+[0m[0m nsg_ids                = (known after apply)
          [32m+[0m[0m private_ip             = (known after apply)
          [32m+[0m[0m private_ip_id          = (known after apply)
          [32m+[0m[0m security_attributes    = (known after apply)
          [32m+[0m[0m skip_source_dest_check = (known after apply)
          [32m+[0m[0m subnet_cidr            = (known after apply)
          [32m+[0m[0m subnet_id              = "ocid1.subnet.oc1.phx.aaaaaaaacbjs2jgtjyqextro3hfqs45tqnmf6s7bjbs4iifldlgr2jq7twwq"
          [32m+[0m[0m vlan_id                = (known after apply)

          [32m+[0m[0m ipv6address_ipv6subnet_cidr_pair_details (known after apply)
        }

      [32m+[0m[0m instance_options (known after apply)

      [32m+[0m[0m launch_options (known after apply)

      [32m+[0m[0m launch_volume_attachments (known after apply)

      [32m+[0m[0m licensing_configs (known after apply)

      [32m+[0m[0m placement_constraint_details (known after apply)

      [32m+[0m[0m platform_config (known after apply)

      [32m+[0m[0m preemptible_instance_config (known after apply)

      [32m+[0m[0m shape_config {
          [32m+[0m[0m baseline_ocpu_utilization     = (known after apply)
          [32m+[0m[0m gpu_description               = (known after apply)
          [32m+[0m[0m gpus                          = (known after apply)
          [32m+[0m[0m local_disk_description        = (known after apply)
          [32m+[0m[0m local_disks                   = (known after apply)
          [32m+[0m[0m local_disks_total_size_in_gbs = (known after apply)
          [32m+[0m[0m max_vnic_attachments          = (known after apply)
          [32m+[0m[0m memory_in_gbs                 = 24
          [32m+[0m[0m networking_bandwidth_in_gbps  = (known after apply)
          [32m+[0m[0m nvmes                         = (known after apply)
          [32m+[0m[0m ocpus                         = 4
          [32m+[0m[0m processor_description         = (known after apply)
          [32m+[0m[0m resource_management           = (known after apply)
          [32m+[0m[0m vcpus                         = (known after apply)
        }

      [32m+[0m[0m source_details {
          [32m+[0m[0m boot_volume_size_in_gbs = (known after apply)
          [32m+[0m[0m boot_volume_vpus_per_gb = (known after apply)
          [32m+[0m[0m source_id               = "ocid1.image.oc1.phx.aaaaaaaa6m5paq6tuh6gj3omxz5lzkaftvd5gtrwsgtoxiyszy3y3eduxiuq"
          [32m+[0m[0m source_type             = "image"

          [32m+[0m[0m instance_source_image_filter_details (known after apply)
        }
    }

[1mPlan:[0m [0m1 to add, 0 to change, 0 to destroy.

Changes to Outputs:
  [32m+[0m[0m instance_public_ip                       = (known after apply)
[0m[1m
Do you want to perform these actions?[0m
  Terraform will perform the actions described above.
  Only 'yes' will be accepted to approve.

  [1mEnter a value:[0m [0m
[0m[1moci_core_instance.free_instance0: Creating...[0m[0m
[31m╷[0m[0m
[31m│[0m [0m[1m[31mError: [0m[0m[1mWork Request error 
[31m│[0m [0mProvider version: 8.10.0, released on 2026-04-15. This provider is 1 Update(s) behind to current. 
[31m│[0m [0mService: Core Instance 
[31m│[0m [0mError Message: work request did not succeed, workId: ocid1.coreservicesworkrequest.oc1.phx.abyhqljsk6mdwoax6z4wli2ths7wlxbzktxa4dwuctkuxkckaivkt4sepfoq, entity: instance, action: CREATED. Message: A problem occurred while preparing the instance's VNIC.  ((400, InvalidParameter, false) Cannot create a VNIC with hostnameLabel. Subnet ocid1.subnet.oc1.phx.aaaaaaaacbjs2jgtjyqextro3hfqs45tqnmf6s7bjbs4iifldlgr2jq7twwq does not have DNS enabled (opc-request-id: dummyRequestId)) 
[31m│[0m [0mResource OCID: ocid1.instance.oc1.phx.anyhqljsb3xfsrqcxz7vi7ayqgemwz5tmnwsjf4nqxdwlrvbsnrw6bauoywq 
[31m│[0m [0mSuggestion: Please retry or contact support for help with service: Core Instance
[31m│[0m [0m[0m
[31m│[0m [0m
[31m│[0m [0m[0m  with oci_core_instance.free_instance0,
[31m│[0m [0m  on compute.tf line 1, in resource "oci_core_instance" "free_instance0":
[31m│[0m [0m   1: resource "oci_core_instance" "free_instance0" [4m{[0m[0m
[31m│[0m [0m
[31m╵[0m[0m
